# JRE version: Java(TM) SE Runtime Environment (8.0_101-b13) (build 1.8.0_101-b13)
# Java VM: Java HotSpot(TM) 64-Bit Server VM (25.101-b13 mixed mode windows-amd64 compressed oops)
Heap:
 PSYoungGen      total 20480K, used 5026K [0x00000000eb580000, 0x00000000ed200000, 0x0000000100000000)
  eden space 15872K, 5% used [0x00000000eb580000,0x00000000eb653490,0x00000000ec500000)
  from space 4608K, 90% used [0x00000000ec500000,0x00000000ec915668,0x00000000ec980000)
  to   space 6656K, 0% used [0x00000000ecb80000,0x00000000ecb80000,0x00000000ed200000)
 ParOldGen       total 42496K, used 15133K [0x00000000c2000000, 0x00000000c4980000, 0x00000000eb580000)
  object space 42496K, 35% used [0x00000000c2000000,0x00000000c2ec7640,0x00000000c4980000)
 Metaspace       used 10693K, capacity 10904K, committed 11136K, reserved 1058816K
  class space    used 1254K, capacity 1329K, committed 1408K, reserved 1048576K
GC Heap History (10 events):
Event: 15.120 GC heap before
{Heap before GC invocations=13 (full 0):
 PSYoungGen      total 24064K, used 17977K [0x00000000eb580000, 0x00000000ed500000, 0x0000000100000000)
  eden space 15872K, 94% used [0x00000000eb580000,0x00000000ec42ff70,0x00000000ec500000)
  from space 8192K, 35% used [0x00000000ecd00000,0x00000000ecfde838,0x00000000ed500000)
  to   space 8192K, 0% used [0x00000000ec500000,0x00000000ec500000,0x00000000ecd00000)
 ParOldGen       total 42496K, used 15037K [0x00000000c2000000, 0x00000000c4980000, 0x00000000eb580000)
  object space 42496K, 35% used [0x00000000c2000000,0x00000000c2eaf5e8,0x00000000c4980000)
 Metaspace       used 10554K, capacity 10764K, committed 11136K, reserved 1058816K
  class space    used 1243K, capacity 1327K, committed 1408K, reserved 1048576K
Event: 15.125 GC heap after
Heap after GC invocations=13 (full 0):
 PSYoungGen      total 18944K, used 2842K [0x00000000eb580000, 0x00000000ed400000, 0x0000000100000000)
  eden space 15872K, 0% used [0x00000000eb580000,0x00000000eb580000,0x00000000ec500000)
  from space 3072K, 92% used [0x00000000ec500000,0x00000000ec7c6908,0x00000000ec800000)
  to   space 7680K, 0% used [0x00000000ecc80000,0x00000000ecc80000,0x00000000ed400000)
 ParOldGen       total 42496K, used 15045K [0x00000000c2000000, 0x00000000c4980000, 0x00000000eb580000)
  object space 42496K, 35% used [0x00000000c2000000,0x00000000c2eb15e8,0x00000000c4980000)
 Metaspace       used 10554K, capacity 10764K, committed 11136K, reserved 1058816K
  class space    used 1243K, capacity 1327K, committed 1408K, reserved 1048576K
}
Event: 15.923 GC heap before
{Heap before GC invocations=14 (full 0):
 PSYoungGen      total 18944K, used 17765K [0x00000000eb580000, 0x00000000ed400000, 0x0000000100000000)
  eden space 15872K, 94% used [0x00000000eb580000,0x00000000ec412b60,0x00000000ec500000)
  from space 3072K, 92% used [0x00000000ec500000,0x00000000ec7c6908,0x00000000ec800000)
  to   space 7680K, 0% used [0x00000000ecc80000,0x00000000ecc80000,0x00000000ed400000)
 ParOldGen       total 42496K, used 15045K [0x00000000c2000000, 0x00000000c4980000, 0x00000000eb580000)
  object space 42496K, 35% used [0x00000000c2000000,0x00000000c2eb15e8,0x00000000c4980000)
 Metaspace       used 10664K, capacity 10904K, committed 11136K, reserved 1058816K
  class space    used 1252K, capacity 1329K, committed 1408K, reserved 1048576K
Event: 15.931 GC heap after
Heap after GC invocations=14 (full 0):
 PSYoungGen      total 22528K, used 3307K [0x00000000eb580000, 0x00000000ed300000, 0x0000000100000000)
  eden space 15872K, 0% used [0x00000000eb580000,0x00000000eb580000,0x00000000ec500000)
  from space 6656K, 49% used [0x00000000ecc80000,0x00000000ecfbaf58,0x00000000ed300000)
  to   space 7168K, 0% used [0x00000000ec500000,0x00000000ec500000,0x00000000ecc00000)
 ParOldGen       total 42496K, used 15077K [0x00000000c2000000, 0x00000000c4980000, 0x00000000eb580000)
  object space 42496K, 35% used [0x00000000c2000000,0x00000000c2eb95f8,0x00000000c4980000)
 Metaspace       used 10664K, capacity 10904K, committed 11136K, reserved 1058816K
  class space    used 1252K, capacity 1329K, committed 1408K, reserved 1048576K
}
Event: 16.849 GC heap before
{Heap before GC invocations=15 (full 0):
 PSYoungGen      total 22528K, used 19179K [0x00000000eb580000, 0x00000000ed300000, 0x0000000100000000)
  eden space 15872K, 100% used [0x00000000eb580000,0x00000000ec500000,0x00000000ec500000)
  from space 6656K, 49% used [0x00000000ecc80000,0x00000000ecfbaf58,0x00000000ed300000)
  to   space 7168K, 0% used [0x00000000ec500000,0x00000000ec500000,0x00000000ecc00000)
 ParOldGen       total 42496K, used 15077K [0x00000000c2000000, 0x00000000c4980000, 0x00000000eb580000)
  object space 42496K, 35% used [0x00000000c2000000,0x00000000c2eb95f8,0x00000000c4980000)
 Metaspace       used 10668K, capacity 10904K, committed 11136K, reserved 1058816K
  class space    used 1252K, capacity 1329K, committed 1408K, reserved 1048576K
Event: 16.857 GC heap after
Heap after GC invocations=15 (full 0):
 PSYoungGen      total 23040K, used 4293K [0x00000000eb580000, 0x00000000ed300000, 0x0000000100000000)
  eden space 15872K, 0% used [0x00000000eb580000,0x00000000eb580000,0x00000000ec500000)
  from space 7168K, 59% used [0x00000000ec500000,0x00000000ec931638,0x00000000ecc00000)
  to   space 7168K, 0% used [0x00000000ecc00000,0x00000000ecc00000,0x00000000ed300000)
 ParOldGen       total 42496K, used 15109K [0x00000000c2000000, 0x00000000c4980000, 0x00000000eb580000)
  object space 42496K, 35% used [0x00000000c2000000,0x00000000c2ec1608,0x00000000c4980000)
 Metaspace       used 10668K, capacity 10904K, committed 11136K, reserved 1058816K
  class space    used 1252K, capacity 1329K, committed 1408K, reserved 1048576K
}
Event: 17.777 GC heap before
{Heap before GC invocations=16 (full 0):
 PSYoungGen      total 23040K, used 20072K [0x00000000eb580000, 0x00000000ed300000, 0x0000000100000000)
  eden space 15872K, 99% used [0x00000000eb580000,0x00000000ec4e89c8,0x00000000ec500000)
  from space 7168K, 59% used [0x00000000ec500000,0x00000000ec931638,0x00000000ecc00000)
  to   space 7168K, 0% used [0x00000000ecc00000,0x00000000ecc00000,0x00000000ed300000)
 ParOldGen       total 42496K, used 15109K [0x00000000c2000000, 0x00000000c4980000, 0x00000000eb580000)
  object space 42496K, 35% used [0x00000000c2000000,0x00000000c2ec1608,0x00000000c4980000)
 Metaspace       used 10683K, capacity 10904K, committed 11136K, reserved 1058816K
  class space    used 1252K, capacity 1329K, committed 1408K, reserved 1048576K
Event: 17.785 GC heap after
Heap after GC invocations=16 (full 0):
 PSYoungGen      total 23040K, used 3342K [0x00000000eb580000, 0x00000000ed300000, 0x0000000100000000)
  eden space 15872K, 0% used [0x00000000eb580000,0x00000000eb580000,0x00000000ec500000)
  from space 7168K, 46% used [0x00000000ecc00000,0x00000000ecf438e8,0x00000000ed300000)
  to   space 7168K, 0% used [0x00000000ec500000,0x00000000ec500000,0x00000000ecc00000)
 ParOldGen       total 42496K, used 15117K [0x00000000c2000000, 0x00000000c4980000, 0x00000000eb580000)
  object space 42496K, 35% used [0x00000000c2000000,0x00000000c2ec3608,0x00000000c4980000)
 Metaspace       used 10683K, capacity 10904K, committed 11136K, reserved 1058816K
  class space    used 1252K, capacity 1329K, committed 1408K, reserved 1048576K
}
Event: 18.516 GC heap before
{Heap before GC invocations=17 (full 0):
 PSYoungGen      total 23040K, used 19214K [0x00000000eb580000, 0x00000000ed300000, 0x0000000100000000)
  eden space 15872K, 100% used [0x00000000eb580000,0x00000000ec500000,0x00000000ec500000)
  from space 7168K, 46% used [0x00000000ecc00000,0x00000000ecf438e8,0x00000000ed300000)
  to   space 7168K, 0% used [0x00000000ec500000,0x00000000ec500000,0x00000000ecc00000)
 ParOldGen       total 42496K, used 15117K [0x00000000c2000000, 0x00000000c4980000, 0x00000000eb580000)
  object space 42496K, 35% used [0x00000000c2000000,0x00000000c2ec3640,0x00000000c4980000)
 Metaspace       used 10685K, capacity 10904K, committed 11136K, reserved 1058816K
  class space    used 1252K, capacity 1329K, committed 1408K, reserved 1048576K
Event: 18.522 GC heap after
Heap after GC invocations=17 (full 0):
 PSYoungGen      total 20480K, used 4181K [0x00000000eb580000, 0x00000000ed200000, 0x0000000100000000)
  eden space 15872K, 0% used [0x00000000eb580000,0x00000000eb580000,0x00000000ec500000)
  from space 4608K, 90% used [0x00000000ec500000,0x00000000ec915668,0x00000000ec980000)
  to   space 6656K, 0% used [0x00000000ecb80000,0x00000000ecb80000,0x00000000ed200000)
 ParOldGen       total 42496K, used 15133K [0x00000000c2000000, 0x00000000c4980000, 0x00000000eb580000)
  object space 42496K, 35% used [0x00000000c2000000,0x00000000c2ec7640,0x00000000c4980000)
 Metaspace       used 10685K, capacity 10904K, committed 11136K, reserved 1058816K
  class space    used 1252K, capacity 1329K, committed 1408K, reserved 1048576K
}

